2023-09-19 10:09:27,310 - INFO - Таблицю analysis_results створено або вже існує.
2023-09-19 10:09:27,319 - INFO - Таблиця: quantity_not_zero_products_20230918132554
2023-09-19 10:09:27,319 - INFO - Загальна кількість позицій в наявності: 1258
2023-09-19 10:09:27,320 - INFO - Загальна кількість товарів в наявності: 120242
2023-09-19 10:09:27,365 - INFO - Результати аналізу для таблиці quantity_not_zero_products_20230918132554 збережено в таблицю analysis_results.
2023-09-19 10:09:27,372 - INFO - Таблиця: quantity_not_zero_products_20230918132619
2023-09-19 10:09:27,373 - INFO - Загальна кількість позицій в наявності: 1252
2023-09-19 10:09:27,373 - INFO - Загальна кількість товарів в наявності: 114101
2023-09-19 10:09:27,381 - INFO - Результати аналізу для таблиці quantity_not_zero_products_20230918132619 збережено в таблицю analysis_results.
2023-09-19 10:09:27,389 - INFO - Таблиця: quantity_not_zero_products_20230918132648
2023-09-19 10:09:27,389 - INFO - Загальна кількість позицій в наявності: 1252
2023-09-19 10:09:27,389 - INFO - Загальна кількість товарів в наявності: 114210
2023-09-19 10:09:27,396 - INFO - Результати аналізу для таблиці quantity_not_zero_products_20230918132648 збережено в таблицю analysis_results.
2023-09-19 10:09:27,403 - INFO - Таблиця: quantity_not_zero_products_20230918132711
2023-09-19 10:09:27,403 - INFO - Загальна кількість позицій в наявності: 1241
2023-09-19 10:09:27,403 - INFO - Загальна кількість товарів в наявності: 114616
2023-09-19 10:09:27,410 - INFO - Результати аналізу для таблиці quantity_not_zero_products_20230918132711 збережено в таблицю analysis_results.
2023-09-19 10:09:27,419 - INFO - Таблиця: quantity_not_zero_products_20230918132747
2023-09-19 10:09:27,419 - INFO - Загальна кількість позицій в наявності: 1221
2023-09-19 10:09:27,420 - INFO - Загальна кількість товарів в наявності: 109388
2023-09-19 10:09:27,432 - INFO - Результати аналізу для таблиці quantity_not_zero_products_20230918132747 збережено в таблицю analysis_results.
2023-09-19 10:09:27,444 - INFO - Таблиця: quantity_not_zero_products_20230918145256
2023-09-19 10:09:27,444 - INFO - Загальна кількість позицій в наявності: 1196
2023-09-19 10:09:27,444 - INFO - Загальна кількість товарів в наявності: 123943
2023-09-19 10:09:27,452 - INFO - Результати аналізу для таблиці quantity_not_zero_products_20230918145256 збережено в таблицю analysis_results.
2023-09-19 10:09:27,464 - INFO - Таблиця: quantity_not_zero_products_20230918174658
2023-09-19 10:09:27,464 - INFO - Загальна кількість позицій в наявності: 1190
2023-09-19 10:09:27,464 - INFO - Загальна кількість товарів в наявності: 114896
2023-09-19 10:09:27,491 - INFO - Результати аналізу для таблиці quantity_not_zero_products_20230918174658 збережено в таблицю analysis_results.
2023-09-19 10:09:27,501 - INFO - Таблиця: quantity_not_zero_products_20230918192447
2023-09-19 10:09:27,501 - INFO - Загальна кількість позицій в наявності: 1190
2023-09-19 10:09:27,502 - INFO - Загальна кількість товарів в наявності: 115519
2023-09-19 10:09:27,509 - INFO - Результати аналізу для таблиці quantity_not_zero_products_20230918192447 збережено в таблицю analysis_results.
2023-09-19 10:09:27,515 - INFO - Таблиця: quantity_not_zero_products_20230919090552
2023-09-19 10:09:27,515 - INFO - Загальна кількість позицій в наявності: 1177
2023-09-19 10:09:27,515 - INFO - Загальна кількість товарів в наявності: 110979
2023-09-19 10:09:27,522 - INFO - Результати аналізу для таблиці quantity_not_zero_products_20230919090552 збережено в таблицю analysis_results.
2023-09-19 11:05:42,713 - INFO - Таблицю quantity_analysis_results створено або вже існує.
2023-09-19 11:05:42,718 - INFO - Таблиця: quantity_not_zero_products_20230918132554
2023-09-19 11:05:42,718 - INFO - Загальна кількість позицій в наявності: 1258
2023-09-19 11:05:42,719 - INFO - Загальна кількість товарів в наявності: 120242
2023-09-19 11:05:42,733 - INFO - Результати аналізу для таблиці quantity_not_zero_products_20230918132554 збережено в таблицю analysis_results.
2023-09-19 11:05:42,736 - INFO - Таблиця: quantity_not_zero_products_20230918132619
2023-09-19 11:05:42,736 - INFO - Загальна кількість позицій в наявності: 1252
2023-09-19 11:05:42,736 - INFO - Загальна кількість товарів в наявності: 114101
2023-09-19 11:05:42,739 - INFO - Результати аналізу для таблиці quantity_not_zero_products_20230918132619 збережено в таблицю analysis_results.
2023-09-19 11:05:42,742 - INFO - Таблиця: quantity_not_zero_products_20230918132648
2023-09-19 11:05:42,743 - INFO - Загальна кількість позицій в наявності: 1252
2023-09-19 11:05:42,743 - INFO - Загальна кількість товарів в наявності: 114210
2023-09-19 11:05:42,745 - INFO - Результати аналізу для таблиці quantity_not_zero_products_20230918132648 збережено в таблицю analysis_results.
2023-09-19 11:05:42,748 - INFO - Таблиця: quantity_not_zero_products_20230918132711
2023-09-19 11:05:42,748 - INFO - Загальна кількість позицій в наявності: 1241
2023-09-19 11:05:42,748 - INFO - Загальна кількість товарів в наявності: 114616
2023-09-19 11:05:42,751 - INFO - Результати аналізу для таблиці quantity_not_zero_products_20230918132711 збережено в таблицю analysis_results.
2023-09-19 11:05:42,754 - INFO - Таблиця: quantity_not_zero_products_20230918132747
2023-09-19 11:05:42,754 - INFO - Загальна кількість позицій в наявності: 1221
2023-09-19 11:05:42,754 - INFO - Загальна кількість товарів в наявності: 109388
2023-09-19 11:05:42,757 - INFO - Результати аналізу для таблиці quantity_not_zero_products_20230918132747 збережено в таблицю analysis_results.
2023-09-19 11:05:42,760 - INFO - Таблиця: quantity_not_zero_products_20230918145256
2023-09-19 11:05:42,760 - INFO - Загальна кількість позицій в наявності: 1196
2023-09-19 11:05:42,760 - INFO - Загальна кількість товарів в наявності: 123943
2023-09-19 11:05:42,763 - INFO - Результати аналізу для таблиці quantity_not_zero_products_20230918145256 збережено в таблицю analysis_results.
2023-09-19 11:05:42,766 - INFO - Таблиця: quantity_not_zero_products_20230918174658
2023-09-19 11:05:42,766 - INFO - Загальна кількість позицій в наявності: 1190
2023-09-19 11:05:42,766 - INFO - Загальна кількість товарів в наявності: 114896
2023-09-19 11:05:42,769 - INFO - Результати аналізу для таблиці quantity_not_zero_products_20230918174658 збережено в таблицю analysis_results.
2023-09-19 11:05:42,771 - INFO - Таблиця: quantity_not_zero_products_20230918192447
2023-09-19 11:05:42,772 - INFO - Загальна кількість позицій в наявності: 1190
2023-09-19 11:05:42,772 - INFO - Загальна кількість товарів в наявності: 115519
2023-09-19 11:05:42,774 - INFO - Результати аналізу для таблиці quantity_not_zero_products_20230918192447 збережено в таблицю analysis_results.
2023-09-19 11:05:42,778 - INFO - Таблиця: quantity_not_zero_products_20230919090552
2023-09-19 11:05:42,778 - INFO - Загальна кількість позицій в наявності: 1177
2023-09-19 11:05:42,778 - INFO - Загальна кількість товарів в наявності: 110979
2023-09-19 11:05:42,782 - INFO - Результати аналізу для таблиці quantity_not_zero_products_20230919090552 збережено в таблицю analysis_results.
2023-09-19 13:10:58,281 - ERROR - Виникла помилка: create_availability_analysis_table() missing 1 required positional argument: 'next_table_name'
2023-09-19 13:16:09,930 - ERROR - Виникла помилка: 1059 (42000): Identifier name 'availability_analysis_products_20230918132554_compare_products_20230918132619' is too long
2023-09-19 13:18:39,253 - ERROR - Виникла помилка: create_availability_analysis_table() missing 1 required positional argument: 'next_table_name'
2023-09-19 13:19:26,291 - ERROR - Виникла помилка: create_availability_analysis_table() missing 1 required positional argument: 'next_table_name'
2023-09-19 13:20:07,318 - ERROR - Виникла помилка: create_availability_analysis_table() missing 1 required positional argument: 'next_table_name'
2023-09-19 13:25:12,332 - ERROR - Виникла помилка: 1059 (42000): Identifier name 'availability_analysis_products_20230918132554_compare_products_20230918132619' is too long
2023-09-19 13:28:19,025 - INFO - Таблиці products_20230918132554 і products_20230918132619 вже оброблені.
2023-09-19 13:28:19,037 - ERROR - Виникла помилка: 1059 (42000): Identifier name 'availability_analysis_products_20230918132554_compare_products_20230918132648' is too long
2023-09-19 14:09:51,999 - ERROR - Помилка при підключенні до бази даних: name 'mysql' is not defined
2023-09-19 14:15:25,132 - ERROR - Помилка при підключенні до бази даних: name 'mysql' is not defined
2023-09-19 14:16:29,673 - ERROR - Помилка при підключенні до бази даних: name 'mysql' is not defined
2023-09-19 20:05:28,572 - INFO - Таблицю quantity_analysis_results створено або вже існує.
2023-09-19 20:05:28,580 - INFO - Таблиця: quantity_not_zero_products_20230919200522
2023-09-19 20:05:28,580 - INFO - Загальна кількість позицій в наявності: 1258
2023-09-19 20:05:28,580 - INFO - Загальна кількість товарів в наявності: 120242
2023-09-19 20:05:28,592 - INFO - Результати аналізу для таблиці quantity_not_zero_products_20230919200522 збережено в таблицю analysis_results.
2023-09-19 20:06:01,879 - INFO - Таблицю quantity_analysis_results створено або вже існує.
2023-09-19 20:06:01,886 - INFO - Таблиця: quantity_not_zero_products_20230919200522
2023-09-19 20:06:01,886 - INFO - Загальна кількість позицій в наявності: 1258
2023-09-19 20:06:01,886 - INFO - Загальна кількість товарів в наявності: 120242
2023-09-19 20:06:01,896 - INFO - Результати аналізу для таблиці quantity_not_zero_products_20230919200522 збережено в таблицю analysis_results.
2023-09-19 20:06:01,902 - INFO - Таблиця: quantity_not_zero_products_20230919200554
2023-09-19 20:06:01,902 - INFO - Загальна кількість позицій в наявності: 1252
2023-09-19 20:06:01,902 - INFO - Загальна кількість товарів в наявності: 114101
2023-09-19 20:06:01,905 - INFO - Результати аналізу для таблиці quantity_not_zero_products_20230919200554 збережено в таблицю analysis_results.
2023-09-19 20:06:28,198 - INFO - Таблицю quantity_analysis_results створено або вже існує.
2023-09-19 20:06:28,207 - INFO - Таблиця: quantity_not_zero_products_20230919200522
2023-09-19 20:06:28,207 - INFO - Загальна кількість позицій в наявності: 1258
2023-09-19 20:06:28,207 - INFO - Загальна кількість товарів в наявності: 120242
2023-09-19 20:06:28,225 - INFO - Результати аналізу для таблиці quantity_not_zero_products_20230919200522 збережено в таблицю analysis_results.
2023-09-19 20:06:28,231 - INFO - Таблиця: quantity_not_zero_products_20230919200554
2023-09-19 20:06:28,231 - INFO - Загальна кількість позицій в наявності: 1252
2023-09-19 20:06:28,231 - INFO - Загальна кількість товарів в наявності: 114101
2023-09-19 20:06:28,243 - INFO - Результати аналізу для таблиці quantity_not_zero_products_20230919200554 збережено в таблицю analysis_results.
2023-09-19 20:06:28,248 - INFO - Таблиця: quantity_not_zero_products_20230919200620
2023-09-19 20:06:28,248 - INFO - Загальна кількість позицій в наявності: 1252
2023-09-19 20:06:28,249 - INFO - Загальна кількість товарів в наявності: 114210
2023-09-19 20:06:28,260 - INFO - Результати аналізу для таблиці quantity_not_zero_products_20230919200620 збережено в таблицю analysis_results.
2023-09-19 20:07:03,617 - INFO - Таблицю quantity_analysis_results створено або вже існує.
2023-09-19 20:07:03,624 - INFO - Таблиця: quantity_not_zero_products_20230919200522
2023-09-19 20:07:03,624 - INFO - Загальна кількість позицій в наявності: 1258
2023-09-19 20:07:03,624 - INFO - Загальна кількість товарів в наявності: 120242
2023-09-19 20:07:03,638 - INFO - Результати аналізу для таблиці quantity_not_zero_products_20230919200522 збережено в таблицю analysis_results.
2023-09-19 20:07:03,644 - INFO - Таблиця: quantity_not_zero_products_20230919200554
2023-09-19 20:07:03,644 - INFO - Загальна кількість позицій в наявності: 1252
2023-09-19 20:07:03,644 - INFO - Загальна кількість товарів в наявності: 114101
2023-09-19 20:07:03,652 - INFO - Результати аналізу для таблиці quantity_not_zero_products_20230919200554 збережено в таблицю analysis_results.
2023-09-19 20:07:03,658 - INFO - Таблиця: quantity_not_zero_products_20230919200620
2023-09-19 20:07:03,658 - INFO - Загальна кількість позицій в наявності: 1252
2023-09-19 20:07:03,658 - INFO - Загальна кількість товарів в наявності: 114210
2023-09-19 20:07:03,665 - INFO - Результати аналізу для таблиці quantity_not_zero_products_20230919200620 збережено в таблицю analysis_results.
2023-09-19 20:07:03,671 - INFO - Таблиця: quantity_not_zero_products_20230919200655
2023-09-19 20:07:03,671 - INFO - Загальна кількість позицій в наявності: 1241
2023-09-19 20:07:03,671 - INFO - Загальна кількість товарів в наявності: 114616
2023-09-19 20:07:03,679 - INFO - Результати аналізу для таблиці quantity_not_zero_products_20230919200655 збережено в таблицю analysis_results.
2023-09-19 20:07:34,187 - INFO - Таблицю quantity_analysis_results створено або вже існує.
2023-09-19 20:07:34,194 - INFO - Таблиця: quantity_not_zero_products_20230919200522
2023-09-19 20:07:34,194 - INFO - Загальна кількість позицій в наявності: 1258
2023-09-19 20:07:34,194 - INFO - Загальна кількість товарів в наявності: 120242
2023-09-19 20:07:34,217 - INFO - Результати аналізу для таблиці quantity_not_zero_products_20230919200522 збережено в таблицю analysis_results.
2023-09-19 20:07:34,224 - INFO - Таблиця: quantity_not_zero_products_20230919200554
2023-09-19 20:07:34,224 - INFO - Загальна кількість позицій в наявності: 1252
2023-09-19 20:07:34,224 - INFO - Загальна кількість товарів в наявності: 114101
2023-09-19 20:07:34,234 - INFO - Результати аналізу для таблиці quantity_not_zero_products_20230919200554 збережено в таблицю analysis_results.
2023-09-19 20:07:34,239 - INFO - Таблиця: quantity_not_zero_products_20230919200620
2023-09-19 20:07:34,239 - INFO - Загальна кількість позицій в наявності: 1252
2023-09-19 20:07:34,239 - INFO - Загальна кількість товарів в наявності: 114210
2023-09-19 20:07:34,254 - INFO - Результати аналізу для таблиці quantity_not_zero_products_20230919200620 збережено в таблицю analysis_results.
2023-09-19 20:07:34,262 - INFO - Таблиця: quantity_not_zero_products_20230919200655
2023-09-19 20:07:34,262 - INFO - Загальна кількість позицій в наявності: 1241
2023-09-19 20:07:34,262 - INFO - Загальна кількість товарів в наявності: 114616
2023-09-19 20:07:34,272 - INFO - Результати аналізу для таблиці quantity_not_zero_products_20230919200655 збережено в таблицю analysis_results.
2023-09-19 20:07:34,279 - INFO - Таблиця: quantity_not_zero_products_20230919200725
2023-09-19 20:07:34,279 - INFO - Загальна кількість позицій в наявності: 1221
2023-09-19 20:07:34,279 - INFO - Загальна кількість товарів в наявності: 109388
2023-09-19 20:07:34,293 - INFO - Результати аналізу для таблиці quantity_not_zero_products_20230919200725 збережено в таблицю analysis_results.
2023-09-19 20:08:03,427 - INFO - Таблицю quantity_analysis_results створено або вже існує.
2023-09-19 20:08:03,436 - INFO - Таблиця: quantity_not_zero_products_20230919200522
2023-09-19 20:08:03,436 - INFO - Загальна кількість позицій в наявності: 1258
2023-09-19 20:08:03,436 - INFO - Загальна кількість товарів в наявності: 120242
2023-09-19 20:08:03,454 - INFO - Результати аналізу для таблиці quantity_not_zero_products_20230919200522 збережено в таблицю analysis_results.
2023-09-19 20:08:03,461 - INFO - Таблиця: quantity_not_zero_products_20230919200554
2023-09-19 20:08:03,461 - INFO - Загальна кількість позицій в наявності: 1252
2023-09-19 20:08:03,461 - INFO - Загальна кількість товарів в наявності: 114101
2023-09-19 20:08:03,472 - INFO - Результати аналізу для таблиці quantity_not_zero_products_20230919200554 збережено в таблицю analysis_results.
2023-09-19 20:08:03,478 - INFO - Таблиця: quantity_not_zero_products_20230919200620
2023-09-19 20:08:03,478 - INFO - Загальна кількість позицій в наявності: 1252
2023-09-19 20:08:03,478 - INFO - Загальна кількість товарів в наявності: 114210
2023-09-19 20:08:03,490 - INFO - Результати аналізу для таблиці quantity_not_zero_products_20230919200620 збережено в таблицю analysis_results.
2023-09-19 20:08:03,496 - INFO - Таблиця: quantity_not_zero_products_20230919200655
2023-09-19 20:08:03,497 - INFO - Загальна кількість позицій в наявності: 1241
2023-09-19 20:08:03,497 - INFO - Загальна кількість товарів в наявності: 114616
2023-09-19 20:08:03,508 - INFO - Результати аналізу для таблиці quantity_not_zero_products_20230919200655 збережено в таблицю analysis_results.
2023-09-19 20:08:03,514 - INFO - Таблиця: quantity_not_zero_products_20230919200725
2023-09-19 20:08:03,514 - INFO - Загальна кількість позицій в наявності: 1221
2023-09-19 20:08:03,514 - INFO - Загальна кількість товарів в наявності: 109388
2023-09-19 20:08:03,525 - INFO - Результати аналізу для таблиці quantity_not_zero_products_20230919200725 збережено в таблицю analysis_results.
2023-09-19 20:08:03,532 - INFO - Таблиця: quantity_not_zero_products_20230919200754
2023-09-19 20:08:03,532 - INFO - Загальна кількість позицій в наявності: 1196
2023-09-19 20:08:03,532 - INFO - Загальна кількість товарів в наявності: 123943
2023-09-19 20:08:03,544 - INFO - Результати аналізу для таблиці quantity_not_zero_products_20230919200754 збережено в таблицю analysis_results.
2023-09-19 20:08:28,069 - INFO - Таблицю quantity_analysis_results створено або вже існує.
2023-09-19 20:08:28,077 - INFO - Таблиця: quantity_not_zero_products_20230919200522
2023-09-19 20:08:28,077 - INFO - Загальна кількість позицій в наявності: 1258
2023-09-19 20:08:28,077 - INFO - Загальна кількість товарів в наявності: 120242
2023-09-19 20:08:28,093 - INFO - Результати аналізу для таблиці quantity_not_zero_products_20230919200522 збережено в таблицю analysis_results.
2023-09-19 20:08:28,099 - INFO - Таблиця: quantity_not_zero_products_20230919200554
2023-09-19 20:08:28,099 - INFO - Загальна кількість позицій в наявності: 1252
2023-09-19 20:08:28,099 - INFO - Загальна кількість товарів в наявності: 114101
2023-09-19 20:08:28,110 - INFO - Результати аналізу для таблиці quantity_not_zero_products_20230919200554 збережено в таблицю analysis_results.
2023-09-19 20:08:28,115 - INFO - Таблиця: quantity_not_zero_products_20230919200620
2023-09-19 20:08:28,115 - INFO - Загальна кількість позицій в наявності: 1252
2023-09-19 20:08:28,115 - INFO - Загальна кількість товарів в наявності: 114210
2023-09-19 20:08:28,133 - INFO - Результати аналізу для таблиці quantity_not_zero_products_20230919200620 збережено в таблицю analysis_results.
2023-09-19 20:08:28,139 - INFO - Таблиця: quantity_not_zero_products_20230919200655
2023-09-19 20:08:28,139 - INFO - Загальна кількість позицій в наявності: 1241
2023-09-19 20:08:28,139 - INFO - Загальна кількість товарів в наявності: 114616
2023-09-19 20:08:28,150 - INFO - Результати аналізу для таблиці quantity_not_zero_products_20230919200655 збережено в таблицю analysis_results.
2023-09-19 20:08:28,156 - INFO - Таблиця: quantity_not_zero_products_20230919200725
2023-09-19 20:08:28,156 - INFO - Загальна кількість позицій в наявності: 1221
2023-09-19 20:08:28,156 - INFO - Загальна кількість товарів в наявності: 109388
2023-09-19 20:08:28,167 - INFO - Результати аналізу для таблиці quantity_not_zero_products_20230919200725 збережено в таблицю analysis_results.
2023-09-19 20:08:28,175 - INFO - Таблиця: quantity_not_zero_products_20230919200754
2023-09-19 20:08:28,175 - INFO - Загальна кількість позицій в наявності: 1196
2023-09-19 20:08:28,175 - INFO - Загальна кількість товарів в наявності: 123943
2023-09-19 20:08:28,186 - INFO - Результати аналізу для таблиці quantity_not_zero_products_20230919200754 збережено в таблицю analysis_results.
2023-09-19 20:08:28,194 - INFO - Таблиця: quantity_not_zero_products_20230919200820
2023-09-19 20:08:28,194 - INFO - Загальна кількість позицій в наявності: 1190
2023-09-19 20:08:28,194 - INFO - Загальна кількість товарів в наявності: 114896
2023-09-19 20:08:28,206 - INFO - Результати аналізу для таблиці quantity_not_zero_products_20230919200820 збережено в таблицю analysis_results.
2023-09-19 20:08:57,722 - INFO - Таблицю quantity_analysis_results створено або вже існує.
2023-09-19 20:08:57,736 - INFO - Таблиця: quantity_not_zero_products_20230919200522
2023-09-19 20:08:57,736 - INFO - Загальна кількість позицій в наявності: 1258
2023-09-19 20:08:57,737 - INFO - Загальна кількість товарів в наявності: 120242
2023-09-19 20:08:57,764 - INFO - Результати аналізу для таблиці quantity_not_zero_products_20230919200522 збережено в таблицю analysis_results.
2023-09-19 20:08:57,779 - INFO - Таблиця: quantity_not_zero_products_20230919200554
2023-09-19 20:08:57,779 - INFO - Загальна кількість позицій в наявності: 1252
2023-09-19 20:08:57,779 - INFO - Загальна кількість товарів в наявності: 114101
2023-09-19 20:08:57,798 - INFO - Результати аналізу для таблиці quantity_not_zero_products_20230919200554 збережено в таблицю analysis_results.
2023-09-19 20:08:57,806 - INFO - Таблиця: quantity_not_zero_products_20230919200620
2023-09-19 20:08:57,806 - INFO - Загальна кількість позицій в наявності: 1252
2023-09-19 20:08:57,807 - INFO - Загальна кількість товарів в наявності: 114210
2023-09-19 20:08:57,832 - INFO - Результати аналізу для таблиці quantity_not_zero_products_20230919200620 збережено в таблицю analysis_results.
2023-09-19 20:08:57,841 - INFO - Таблиця: quantity_not_zero_products_20230919200655
2023-09-19 20:08:57,841 - INFO - Загальна кількість позицій в наявності: 1241
2023-09-19 20:08:57,841 - INFO - Загальна кількість товарів в наявності: 114616
2023-09-19 20:08:57,865 - INFO - Результати аналізу для таблиці quantity_not_zero_products_20230919200655 збережено в таблицю analysis_results.
2023-09-19 20:08:57,874 - INFO - Таблиця: quantity_not_zero_products_20230919200725
2023-09-19 20:08:57,875 - INFO - Загальна кількість позицій в наявності: 1221
2023-09-19 20:08:57,875 - INFO - Загальна кількість товарів в наявності: 109388
2023-09-19 20:08:57,898 - INFO - Результати аналізу для таблиці quantity_not_zero_products_20230919200725 збережено в таблицю analysis_results.
2023-09-19 20:08:57,906 - INFO - Таблиця: quantity_not_zero_products_20230919200754
2023-09-19 20:08:57,906 - INFO - Загальна кількість позицій в наявності: 1196
2023-09-19 20:08:57,906 - INFO - Загальна кількість товарів в наявності: 123943
2023-09-19 20:08:57,932 - INFO - Результати аналізу для таблиці quantity_not_zero_products_20230919200754 збережено в таблицю analysis_results.
2023-09-19 20:08:57,940 - INFO - Таблиця: quantity_not_zero_products_20230919200820
2023-09-19 20:08:57,941 - INFO - Загальна кількість позицій в наявності: 1190
2023-09-19 20:08:57,941 - INFO - Загальна кількість товарів в наявності: 114896
2023-09-19 20:08:57,966 - INFO - Результати аналізу для таблиці quantity_not_zero_products_20230919200820 збережено в таблицю analysis_results.
2023-09-19 20:08:57,975 - INFO - Таблиця: quantity_not_zero_products_20230919200849
2023-09-19 20:08:57,975 - INFO - Загальна кількість позицій в наявності: 1190
2023-09-19 20:08:57,975 - INFO - Загальна кількість товарів в наявності: 115519
2023-09-19 20:08:58,003 - INFO - Результати аналізу для таблиці quantity_not_zero_products_20230919200849 збережено в таблицю analysis_results.
2023-09-19 20:09:27,509 - INFO - Таблицю quantity_analysis_results створено або вже існує.
2023-09-19 20:09:27,516 - INFO - Таблиця: quantity_not_zero_products_20230919200522
2023-09-19 20:09:27,517 - INFO - Загальна кількість позицій в наявності: 1258
2023-09-19 20:09:27,517 - INFO - Загальна кількість товарів в наявності: 120242
2023-09-19 20:09:27,530 - INFO - Результати аналізу для таблиці quantity_not_zero_products_20230919200522 збережено в таблицю analysis_results.
2023-09-19 20:09:27,534 - INFO - Таблиця: quantity_not_zero_products_20230919200554
2023-09-19 20:09:27,535 - INFO - Загальна кількість позицій в наявності: 1252
2023-09-19 20:09:27,535 - INFO - Загальна кількість товарів в наявності: 114101
2023-09-19 20:09:27,542 - INFO - Результати аналізу для таблиці quantity_not_zero_products_20230919200554 збережено в таблицю analysis_results.
2023-09-19 20:09:27,547 - INFO - Таблиця: quantity_not_zero_products_20230919200620
2023-09-19 20:09:27,547 - INFO - Загальна кількість позицій в наявності: 1252
2023-09-19 20:09:27,547 - INFO - Загальна кількість товарів в наявності: 114210
2023-09-19 20:09:27,557 - INFO - Результати аналізу для таблиці quantity_not_zero_products_20230919200620 збережено в таблицю analysis_results.
2023-09-19 20:09:27,562 - INFO - Таблиця: quantity_not_zero_products_20230919200655
2023-09-19 20:09:27,562 - INFO - Загальна кількість позицій в наявності: 1241
2023-09-19 20:09:27,562 - INFO - Загальна кількість товарів в наявності: 114616
2023-09-19 20:09:27,568 - INFO - Результати аналізу для таблиці quantity_not_zero_products_20230919200655 збережено в таблицю analysis_results.
2023-09-19 20:09:27,572 - INFO - Таблиця: quantity_not_zero_products_20230919200725
2023-09-19 20:09:27,573 - INFO - Загальна кількість позицій в наявності: 1221
2023-09-19 20:09:27,573 - INFO - Загальна кількість товарів в наявності: 109388
2023-09-19 20:09:27,580 - INFO - Результати аналізу для таблиці quantity_not_zero_products_20230919200725 збережено в таблицю analysis_results.
2023-09-19 20:09:27,584 - INFO - Таблиця: quantity_not_zero_products_20230919200754
2023-09-19 20:09:27,584 - INFO - Загальна кількість позицій в наявності: 1196
2023-09-19 20:09:27,584 - INFO - Загальна кількість товарів в наявності: 123943
2023-09-19 20:09:27,590 - INFO - Результати аналізу для таблиці quantity_not_zero_products_20230919200754 збережено в таблицю analysis_results.
2023-09-19 20:09:27,594 - INFO - Таблиця: quantity_not_zero_products_20230919200820
2023-09-19 20:09:27,594 - INFO - Загальна кількість позицій в наявності: 1190
2023-09-19 20:09:27,594 - INFO - Загальна кількість товарів в наявності: 114896
2023-09-19 20:09:27,600 - INFO - Результати аналізу для таблиці quantity_not_zero_products_20230919200820 збережено в таблицю analysis_results.
2023-09-19 20:09:27,604 - INFO - Таблиця: quantity_not_zero_products_20230919200849
2023-09-19 20:09:27,604 - INFO - Загальна кількість позицій в наявності: 1190
2023-09-19 20:09:27,604 - INFO - Загальна кількість товарів в наявності: 115519
2023-09-19 20:09:27,611 - INFO - Результати аналізу для таблиці quantity_not_zero_products_20230919200849 збережено в таблицю analysis_results.
2023-09-19 20:09:27,617 - INFO - Таблиця: quantity_not_zero_products_20230919200918
2023-09-19 20:09:27,617 - INFO - Загальна кількість позицій в наявності: 1177
2023-09-19 20:09:27,617 - INFO - Загальна кількість товарів в наявності: 110979
2023-09-19 20:09:27,626 - INFO - Результати аналізу для таблиці quantity_not_zero_products_20230919200918 збережено в таблицю analysis_results.
2023-09-19 20:09:57,656 - INFO - Таблицю quantity_analysis_results створено або вже існує.
2023-09-19 20:09:57,664 - INFO - Таблиця: quantity_not_zero_products_20230919200522
2023-09-19 20:09:57,664 - INFO - Загальна кількість позицій в наявності: 1258
2023-09-19 20:09:57,664 - INFO - Загальна кількість товарів в наявності: 120242
2023-09-19 20:09:57,675 - INFO - Результати аналізу для таблиці quantity_not_zero_products_20230919200522 збережено в таблицю analysis_results.
2023-09-19 20:09:57,679 - INFO - Таблиця: quantity_not_zero_products_20230919200554
2023-09-19 20:09:57,680 - INFO - Загальна кількість позицій в наявності: 1252
2023-09-19 20:09:57,680 - INFO - Загальна кількість товарів в наявності: 114101
2023-09-19 20:09:57,683 - INFO - Результати аналізу для таблиці quantity_not_zero_products_20230919200554 збережено в таблицю analysis_results.
2023-09-19 20:09:57,688 - INFO - Таблиця: quantity_not_zero_products_20230919200620
2023-09-19 20:09:57,689 - INFO - Загальна кількість позицій в наявності: 1252
2023-09-19 20:09:57,689 - INFO - Загальна кількість товарів в наявності: 114210
2023-09-19 20:09:57,694 - INFO - Результати аналізу для таблиці quantity_not_zero_products_20230919200620 збережено в таблицю analysis_results.
2023-09-19 20:09:57,699 - INFO - Таблиця: quantity_not_zero_products_20230919200655
2023-09-19 20:09:57,699 - INFO - Загальна кількість позицій в наявності: 1241
2023-09-19 20:09:57,699 - INFO - Загальна кількість товарів в наявності: 114616
2023-09-19 20:09:57,705 - INFO - Результати аналізу для таблиці quantity_not_zero_products_20230919200655 збережено в таблицю analysis_results.
2023-09-19 20:09:57,710 - INFO - Таблиця: quantity_not_zero_products_20230919200725
2023-09-19 20:09:57,710 - INFO - Загальна кількість позицій в наявності: 1221
2023-09-19 20:09:57,710 - INFO - Загальна кількість товарів в наявності: 109388
2023-09-19 20:09:57,716 - INFO - Результати аналізу для таблиці quantity_not_zero_products_20230919200725 збережено в таблицю analysis_results.
2023-09-19 20:09:57,721 - INFO - Таблиця: quantity_not_zero_products_20230919200754
2023-09-19 20:09:57,721 - INFO - Загальна кількість позицій в наявності: 1196
2023-09-19 20:09:57,721 - INFO - Загальна кількість товарів в наявності: 123943
2023-09-19 20:09:57,725 - INFO - Результати аналізу для таблиці quantity_not_zero_products_20230919200754 збережено в таблицю analysis_results.
2023-09-19 20:09:57,729 - INFO - Таблиця: quantity_not_zero_products_20230919200820
2023-09-19 20:09:57,730 - INFO - Загальна кількість позицій в наявності: 1190
2023-09-19 20:09:57,730 - INFO - Загальна кількість товарів в наявності: 114896
2023-09-19 20:09:57,736 - INFO - Результати аналізу для таблиці quantity_not_zero_products_20230919200820 збережено в таблицю analysis_results.
2023-09-19 20:09:57,740 - INFO - Таблиця: quantity_not_zero_products_20230919200849
2023-09-19 20:09:57,740 - INFO - Загальна кількість позицій в наявності: 1190
2023-09-19 20:09:57,741 - INFO - Загальна кількість товарів в наявності: 115519
2023-09-19 20:09:57,745 - INFO - Результати аналізу для таблиці quantity_not_zero_products_20230919200849 збережено в таблицю analysis_results.
2023-09-19 20:09:57,750 - INFO - Таблиця: quantity_not_zero_products_20230919200918
2023-09-19 20:09:57,750 - INFO - Загальна кількість позицій в наявності: 1177
2023-09-19 20:09:57,750 - INFO - Загальна кількість товарів в наявності: 110979
2023-09-19 20:09:57,755 - INFO - Результати аналізу для таблиці quantity_not_zero_products_20230919200918 збережено в таблицю analysis_results.
2023-09-19 20:09:57,760 - INFO - Таблиця: quantity_not_zero_products_20230919200949
2023-09-19 20:09:57,761 - INFO - Загальна кількість позицій в наявності: 1164
2023-09-19 20:09:57,761 - INFO - Загальна кількість товарів в наявності: 106313
2023-09-19 20:09:57,765 - INFO - Результати аналізу для таблиці quantity_not_zero_products_20230919200949 збережено в таблицю analysis_results.
2023-09-20 07:14:01,727 - INFO - Таблицю quantity_analysis_results створено або вже існує.
2023-09-20 07:14:01,735 - INFO - Таблиця: quantity_not_zero_products_20230919200522
2023-09-20 07:14:01,735 - INFO - Загальна кількість позицій в наявності: 1258
2023-09-20 07:14:01,735 - INFO - Загальна кількість товарів в наявності: 120242
2023-09-20 07:14:01,748 - INFO - Результати аналізу для таблиці quantity_not_zero_products_20230919200522 збережено в таблицю analysis_results.
2023-09-20 07:14:01,753 - INFO - Таблиця: quantity_not_zero_products_20230919200554
2023-09-20 07:14:01,753 - INFO - Загальна кількість позицій в наявності: 1252
2023-09-20 07:14:01,753 - INFO - Загальна кількість товарів в наявності: 114101
2023-09-20 07:14:01,760 - INFO - Результати аналізу для таблиці quantity_not_zero_products_20230919200554 збережено в таблицю analysis_results.
2023-09-20 07:14:01,765 - INFO - Таблиця: quantity_not_zero_products_20230919200620
2023-09-20 07:14:01,766 - INFO - Загальна кількість позицій в наявності: 1252
2023-09-20 07:14:01,766 - INFO - Загальна кількість товарів в наявності: 114210
2023-09-20 07:14:01,774 - INFO - Результати аналізу для таблиці quantity_not_zero_products_20230919200620 збережено в таблицю analysis_results.
2023-09-20 07:14:01,778 - INFO - Таблиця: quantity_not_zero_products_20230919200655
2023-09-20 07:14:01,779 - INFO - Загальна кількість позицій в наявності: 1241
2023-09-20 07:14:01,779 - INFO - Загальна кількість товарів в наявності: 114616
2023-09-20 07:14:01,786 - INFO - Результати аналізу для таблиці quantity_not_zero_products_20230919200655 збережено в таблицю analysis_results.
2023-09-20 07:14:01,791 - INFO - Таблиця: quantity_not_zero_products_20230919200725
2023-09-20 07:14:01,791 - INFO - Загальна кількість позицій в наявності: 1221
2023-09-20 07:14:01,792 - INFO - Загальна кількість товарів в наявності: 109388
2023-09-20 07:14:01,799 - INFO - Результати аналізу для таблиці quantity_not_zero_products_20230919200725 збережено в таблицю analysis_results.
2023-09-20 07:14:01,803 - INFO - Таблиця: quantity_not_zero_products_20230919200754
2023-09-20 07:14:01,804 - INFO - Загальна кількість позицій в наявності: 1196
2023-09-20 07:14:01,804 - INFO - Загальна кількість товарів в наявності: 123943
2023-09-20 07:14:01,811 - INFO - Результати аналізу для таблиці quantity_not_zero_products_20230919200754 збережено в таблицю analysis_results.
2023-09-20 07:14:01,816 - INFO - Таблиця: quantity_not_zero_products_20230919200820
2023-09-20 07:14:01,816 - INFO - Загальна кількість позицій в наявності: 1190
2023-09-20 07:14:01,817 - INFO - Загальна кількість товарів в наявності: 114896
2023-09-20 07:14:01,823 - INFO - Результати аналізу для таблиці quantity_not_zero_products_20230919200820 збережено в таблицю analysis_results.
2023-09-20 07:14:01,829 - INFO - Таблиця: quantity_not_zero_products_20230919200849
2023-09-20 07:14:01,829 - INFO - Загальна кількість позицій в наявності: 1190
2023-09-20 07:14:01,829 - INFO - Загальна кількість товарів в наявності: 115519
2023-09-20 07:14:01,837 - INFO - Результати аналізу для таблиці quantity_not_zero_products_20230919200849 збережено в таблицю analysis_results.
2023-09-20 07:14:01,841 - INFO - Таблиця: quantity_not_zero_products_20230919200918
2023-09-20 07:14:01,842 - INFO - Загальна кількість позицій в наявності: 1177
2023-09-20 07:14:01,842 - INFO - Загальна кількість товарів в наявності: 110979
2023-09-20 07:14:01,849 - INFO - Результати аналізу для таблиці quantity_not_zero_products_20230919200918 збережено в таблицю analysis_results.
2023-09-20 07:14:01,854 - INFO - Таблиця: quantity_not_zero_products_20230919200949
2023-09-20 07:14:01,854 - INFO - Загальна кількість позицій в наявності: 1164
2023-09-20 07:14:01,854 - INFO - Загальна кількість товарів в наявності: 106313
2023-09-20 07:14:01,862 - INFO - Результати аналізу для таблиці quantity_not_zero_products_20230919200949 збережено в таблицю analysis_results.
2023-09-20 07:14:01,869 - INFO - Таблиця: quantity_not_zero_products_20230920071351
2023-09-20 07:14:01,869 - INFO - Загальна кількість позицій в наявності: 1164
2023-09-20 07:14:01,869 - INFO - Загальна кількість товарів в наявності: 106112
2023-09-20 07:14:01,877 - INFO - Результати аналізу для таблиці quantity_not_zero_products_20230920071351 збережено в таблицю analysis_results.
2023-09-20 07:25:50,508 - INFO - Таблицю q_not_zero_processed_tables створено або вже існує.
2023-09-20 07:27:32,080 - INFO - Таблицю processed_tables створено або вже існує.
2023-09-20 07:27:32,084 - INFO - Таблицю quantity_analysis_results створено або вже існує.
2023-09-20 07:27:32,105 - INFO - Таблиця: quantity_not_zero_products_20230919200522
2023-09-20 07:27:32,106 - INFO - Загальна кількість позицій в наявності: 1258
2023-09-20 07:27:32,106 - INFO - Загальна кількість товарів в наявності: 120242
2023-09-20 07:27:32,122 - INFO - Результати аналізу для таблиці quantity_not_zero_products_20230919200522 збережено в таблицю analysis_results.
2023-09-20 07:27:32,132 - INFO - Таблиця: quantity_not_zero_products_20230919200554
2023-09-20 07:27:32,132 - INFO - Загальна кількість позицій в наявності: 1252
2023-09-20 07:27:32,132 - INFO - Загальна кількість товарів в наявності: 114101
2023-09-20 07:27:32,136 - INFO - Результати аналізу для таблиці quantity_not_zero_products_20230919200554 збережено в таблицю analysis_results.
2023-09-20 07:27:32,147 - INFO - Таблиця: quantity_not_zero_products_20230919200620
2023-09-20 07:27:32,147 - INFO - Загальна кількість позицій в наявності: 1252
2023-09-20 07:27:32,148 - INFO - Загальна кількість товарів в наявності: 114210
2023-09-20 07:27:32,152 - INFO - Результати аналізу для таблиці quantity_not_zero_products_20230919200620 збережено в таблицю analysis_results.
2023-09-20 07:27:32,162 - INFO - Таблиця: quantity_not_zero_products_20230919200655
2023-09-20 07:27:32,162 - INFO - Загальна кількість позицій в наявності: 1241
2023-09-20 07:27:32,162 - INFO - Загальна кількість товарів в наявності: 114616
2023-09-20 07:27:32,165 - INFO - Результати аналізу для таблиці quantity_not_zero_products_20230919200655 збережено в таблицю analysis_results.
2023-09-20 07:27:32,174 - INFO - Таблиця: quantity_not_zero_products_20230919200725
2023-09-20 07:27:32,174 - INFO - Загальна кількість позицій в наявності: 1221
2023-09-20 07:27:32,174 - INFO - Загальна кількість товарів в наявності: 109388
2023-09-20 07:27:32,177 - INFO - Результати аналізу для таблиці quantity_not_zero_products_20230919200725 збережено в таблицю analysis_results.
2023-09-20 07:27:32,187 - INFO - Таблиця: quantity_not_zero_products_20230919200754
2023-09-20 07:27:32,187 - INFO - Загальна кількість позицій в наявності: 1196
2023-09-20 07:27:32,187 - INFO - Загальна кількість товарів в наявності: 123943
2023-09-20 07:27:32,191 - INFO - Результати аналізу для таблиці quantity_not_zero_products_20230919200754 збережено в таблицю analysis_results.
2023-09-20 07:27:32,199 - INFO - Таблиця: quantity_not_zero_products_20230919200820
2023-09-20 07:27:32,199 - INFO - Загальна кількість позицій в наявності: 1190
2023-09-20 07:27:32,199 - INFO - Загальна кількість товарів в наявності: 114896
2023-09-20 07:27:32,203 - INFO - Результати аналізу для таблиці quantity_not_zero_products_20230919200820 збережено в таблицю analysis_results.
2023-09-20 07:27:32,213 - INFO - Таблиця: quantity_not_zero_products_20230919200849
2023-09-20 07:27:32,213 - INFO - Загальна кількість позицій в наявності: 1190
2023-09-20 07:27:32,213 - INFO - Загальна кількість товарів в наявності: 115519
2023-09-20 07:27:32,217 - INFO - Результати аналізу для таблиці quantity_not_zero_products_20230919200849 збережено в таблицю analysis_results.
2023-09-20 07:27:32,227 - INFO - Таблиця: quantity_not_zero_products_20230919200918
2023-09-20 07:27:32,227 - INFO - Загальна кількість позицій в наявності: 1177
2023-09-20 07:27:32,227 - INFO - Загальна кількість товарів в наявності: 110979
2023-09-20 07:27:32,230 - INFO - Результати аналізу для таблиці quantity_not_zero_products_20230919200918 збережено в таблицю analysis_results.
2023-09-20 07:27:32,239 - INFO - Таблиця: quantity_not_zero_products_20230919200949
2023-09-20 07:27:32,239 - INFO - Загальна кількість позицій в наявності: 1164
2023-09-20 07:27:32,239 - INFO - Загальна кількість товарів в наявності: 106313
2023-09-20 07:27:32,243 - INFO - Результати аналізу для таблиці quantity_not_zero_products_20230919200949 збережено в таблицю analysis_results.
2023-09-20 07:27:32,252 - INFO - Таблиця: quantity_not_zero_products_20230920071351
2023-09-20 07:27:32,252 - INFO - Загальна кількість позицій в наявності: 1164
2023-09-20 07:27:32,252 - INFO - Загальна кількість товарів в наявності: 106112
2023-09-20 07:27:32,256 - INFO - Результати аналізу для таблиці quantity_not_zero_products_20230920071351 збережено в таблицю analysis_results.
2023-09-20 07:29:43,377 - INFO - Таблицю q_not_zero_processed_tables створено або вже існує.
2023-09-20 07:29:43,448 - INFO - Таблицю quantity_analysis_results створено або вже існує.
2023-09-20 07:29:43,465 - INFO - Таблиця: quantity_not_zero_products_20230919200522
2023-09-20 07:29:43,465 - INFO - Загальна кількість позицій в наявності: 1258
2023-09-20 07:29:43,466 - INFO - Загальна кількість товарів в наявності: 120242
2023-09-20 07:29:43,511 - INFO - Результати аналізу для таблиці quantity_not_zero_products_20230919200522 збережено в таблицю analysis_results.
2023-09-20 07:29:43,532 - INFO - Таблиця: quantity_not_zero_products_20230919200554
2023-09-20 07:29:43,532 - INFO - Загальна кількість позицій в наявності: 1252
2023-09-20 07:29:43,533 - INFO - Загальна кількість товарів в наявності: 114101
2023-09-20 07:29:43,543 - INFO - Результати аналізу для таблиці quantity_not_zero_products_20230919200554 збережено в таблицю analysis_results.
2023-09-20 07:29:43,563 - INFO - Таблиця: quantity_not_zero_products_20230919200620
2023-09-20 07:29:43,563 - INFO - Загальна кількість позицій в наявності: 1252
2023-09-20 07:29:43,564 - INFO - Загальна кількість товарів в наявності: 114210
2023-09-20 07:29:43,575 - INFO - Результати аналізу для таблиці quantity_not_zero_products_20230919200620 збережено в таблицю analysis_results.
2023-09-20 07:29:43,597 - INFO - Таблиця: quantity_not_zero_products_20230919200655
2023-09-20 07:29:43,597 - INFO - Загальна кількість позицій в наявності: 1241
2023-09-20 07:29:43,597 - INFO - Загальна кількість товарів в наявності: 114616
2023-09-20 07:29:43,608 - INFO - Результати аналізу для таблиці quantity_not_zero_products_20230919200655 збережено в таблицю analysis_results.
2023-09-20 07:29:43,632 - INFO - Таблиця: quantity_not_zero_products_20230919200725
2023-09-20 07:29:43,632 - INFO - Загальна кількість позицій в наявності: 1221
2023-09-20 07:29:43,632 - INFO - Загальна кількість товарів в наявності: 109388
2023-09-20 07:29:43,644 - INFO - Результати аналізу для таблиці quantity_not_zero_products_20230919200725 збережено в таблицю analysis_results.
2023-09-20 07:29:43,665 - INFO - Таблиця: quantity_not_zero_products_20230919200754
2023-09-20 07:29:43,666 - INFO - Загальна кількість позицій в наявності: 1196
2023-09-20 07:29:43,666 - INFO - Загальна кількість товарів в наявності: 123943
2023-09-20 07:29:43,678 - INFO - Результати аналізу для таблиці quantity_not_zero_products_20230919200754 збережено в таблицю analysis_results.
2023-09-20 07:29:43,714 - INFO - Таблиця: quantity_not_zero_products_20230919200820
2023-09-20 07:29:43,714 - INFO - Загальна кількість позицій в наявності: 1190
2023-09-20 07:29:43,715 - INFO - Загальна кількість товарів в наявності: 114896
2023-09-20 07:29:43,734 - INFO - Результати аналізу для таблиці quantity_not_zero_products_20230919200820 збережено в таблицю analysis_results.
2023-09-20 07:29:43,769 - INFO - Таблиця: quantity_not_zero_products_20230919200849
2023-09-20 07:29:43,770 - INFO - Загальна кількість позицій в наявності: 1190
2023-09-20 07:29:43,770 - INFO - Загальна кількість товарів в наявності: 115519
2023-09-20 07:29:43,788 - INFO - Результати аналізу для таблиці quantity_not_zero_products_20230919200849 збережено в таблицю analysis_results.
2023-09-20 07:29:43,828 - INFO - Таблиця: quantity_not_zero_products_20230919200918
2023-09-20 07:29:43,829 - INFO - Загальна кількість позицій в наявності: 1177
2023-09-20 07:29:43,829 - INFO - Загальна кількість товарів в наявності: 110979
2023-09-20 07:29:43,850 - INFO - Результати аналізу для таблиці quantity_not_zero_products_20230919200918 збережено в таблицю analysis_results.
2023-09-20 07:29:43,955 - INFO - Таблиця: quantity_not_zero_products_20230919200949
2023-09-20 07:29:43,955 - INFO - Загальна кількість позицій в наявності: 1164
2023-09-20 07:29:43,955 - INFO - Загальна кількість товарів в наявності: 106313
2023-09-20 07:29:43,973 - INFO - Результати аналізу для таблиці quantity_not_zero_products_20230919200949 збережено в таблицю analysis_results.
2023-09-20 07:29:43,999 - INFO - Таблиця: quantity_not_zero_products_20230920071351
2023-09-20 07:29:43,999 - INFO - Загальна кількість позицій в наявності: 1164
2023-09-20 07:29:43,999 - INFO - Загальна кількість товарів в наявності: 106112
2023-09-20 07:29:44,010 - INFO - Результати аналізу для таблиці quantity_not_zero_products_20230920071351 збережено в таблицю analysis_results.
2023-09-20 17:04:04,742 - INFO - Таблицю q_not_zero_processed_tables створено або вже існує.
2023-09-20 17:04:04,749 - INFO - Таблицю quantity_analysis_results створено або вже існує.
2023-09-20 17:04:04,767 - INFO - Таблиця: quantity_not_zero_products_20230920170356
2023-09-20 17:04:04,767 - INFO - Загальна кількість позицій в наявності: 1178
2023-09-20 17:04:04,767 - INFO - Загальна кількість товарів в наявності: 107386
2023-09-20 17:04:04,781 - INFO - Результати аналізу для таблиці quantity_not_zero_products_20230920170356 збережено в таблицю analysis_results.
2023-09-20 17:05:29,476 - INFO - Таблицю q_not_zero_processed_tables створено або вже існує.
2023-09-20 17:05:29,489 - INFO - Таблицю quantity_analysis_results створено або вже існує.
2023-09-20 17:05:29,524 - INFO - Таблиця: quantity_not_zero_products_20230920170434
2023-09-20 17:05:29,524 - INFO - Загальна кількість позицій в наявності: 0
2023-09-20 17:05:29,524 - INFO - Загальна кількість товарів в наявності: None
2023-09-20 17:05:29,545 - INFO - Результати аналізу для таблиці quantity_not_zero_products_20230920170434 збережено в таблицю analysis_results.
2023-09-20 17:05:29,572 - INFO - Таблиця: quantity_not_zero_products_20230920170504
2023-09-20 17:05:29,572 - INFO - Загальна кількість позицій в наявності: 1178
2023-09-20 17:05:29,572 - INFO - Загальна кількість товарів в наявності: 107386
2023-09-20 17:05:29,586 - INFO - Результати аналізу для таблиці quantity_not_zero_products_20230920170504 збережено в таблицю analysis_results.
2023-09-22 12:24:27,734 - INFO - Таблицю q_not_zero_processed_tables створено або вже існує.
2023-09-22 12:24:27,751 - INFO - Таблицю quantity_analysis_results створено або вже існує.
2023-09-22 12:24:27,810 - INFO - Таблиця: quantity_not_zero_products_20230922122412
2023-09-22 12:24:27,810 - INFO - Загальна кількість позицій в наявності: 1206
2023-09-22 12:24:27,816 - INFO - Загальна кількість товарів в наявності: 106321
2023-09-22 12:24:27,846 - INFO - Результати аналізу для таблиці quantity_not_zero_products_20230922122412 збережено в таблицю analysis_results.
2023-09-22 19:22:20,373 - INFO - Таблицю q_not_zero_processed_tables створено або вже існує.
2023-09-22 19:22:20,608 - INFO - Таблицю quantity_analysis_results створено або вже існує.
2023-09-22 19:22:21,183 - INFO - Таблиця: quantity_not_zero_products_20230922192209
2023-09-22 19:22:21,183 - INFO - Загальна кількість позицій в наявності: 1206
2023-09-22 19:22:21,184 - INFO - Загальна кількість товарів в наявності: 106673
2023-09-22 19:22:21,231 - INFO - Результати аналізу для таблиці quantity_not_zero_products_20230922192209 збережено в таблицю analysis_results.
2023-09-23 10:14:56,025 - INFO - Таблицю q_not_zero_processed_tables створено або вже існує.
2023-09-23 10:14:56,034 - INFO - Таблицю quantity_analysis_results створено або вже існує.
2023-09-23 10:14:56,117 - INFO - Таблиця: quantity_not_zero_products_20230923101447
2023-09-23 10:14:56,117 - INFO - Загальна кількість позицій в наявності: 1199
2023-09-23 10:14:56,117 - INFO - Загальна кількість товарів в наявності: 113007
2023-09-23 10:14:56,154 - INFO - Результати аналізу для таблиці quantity_not_zero_products_20230923101447 збережено в таблицю analysis_results.
2023-09-25 13:23:36,919 - INFO - Таблицю q_not_zero_processed_tables створено або вже існує.
2023-09-25 13:23:36,929 - INFO - Таблицю quantity_analysis_results створено або вже існує.
2023-09-25 13:23:36,970 - INFO - Таблиця: quantity_not_zero_products_20230925132327
2023-09-25 13:23:36,970 - INFO - Загальна кількість позицій в наявності: 1231
2023-09-25 13:23:36,970 - INFO - Загальна кількість товарів в наявності: 113608
2023-09-25 13:23:36,991 - INFO - Результати аналізу для таблиці quantity_not_zero_products_20230925132327 збережено в таблицю analysis_results.
2023-09-25 13:24:30,939 - INFO - Таблицю q_not_zero_processed_tables створено або вже існує.
2023-09-25 13:24:30,947 - INFO - Таблицю quantity_analysis_results створено або вже існує.
2023-09-25 13:24:30,969 - INFO - Таблиця: quantity_not_zero_products_20230925132403
2023-09-25 13:24:30,969 - INFO - Загальна кількість позицій в наявності: 1296
2023-09-25 13:24:30,969 - INFO - Загальна кількість товарів в наявності: 120834
2023-09-25 13:24:30,990 - INFO - Результати аналізу для таблиці quantity_not_zero_products_20230925132403 збережено в таблицю analysis_results.
2023-09-25 14:34:54,673 - INFO - Таблицю q_not_zero_processed_tables створено або вже існує.
2023-09-25 14:34:54,683 - INFO - Таблицю quantity_analysis_results створено або вже існує.
2023-09-25 14:34:54,712 - INFO - Таблиця: quantity_not_zero_products_20230925143442
2023-09-25 14:34:54,712 - INFO - Загальна кількість позицій в наявності: 1296
2023-09-25 14:34:54,712 - INFO - Загальна кількість товарів в наявності: 120936
2023-09-25 14:34:54,732 - INFO - Результати аналізу для таблиці quantity_not_zero_products_20230925143442 збережено в таблицю analysis_results.
2023-09-25 18:47:04,056 - INFO - Таблицю q_not_zero_processed_tables створено або вже існує.
2023-09-25 18:47:04,064 - INFO - Таблицю quantity_analysis_results створено або вже існує.
2023-09-25 18:47:04,119 - INFO - Таблиця: quantity_not_zero_products_20230925184655
2023-09-25 18:47:04,119 - INFO - Загальна кількість позицій в наявності: 1296
2023-09-25 18:47:04,119 - INFO - Загальна кількість товарів в наявності: 120080
2023-09-25 18:47:04,149 - INFO - Результати аналізу для таблиці quantity_not_zero_products_20230925184655 збережено в таблицю analysis_results.
2023-09-25 19:48:25,188 - INFO - Таблицю q_not_zero_processed_tables створено або вже існує.
2023-09-25 19:48:25,198 - INFO - Таблицю quantity_analysis_results створено або вже існує.
2023-09-25 19:48:25,265 - INFO - Таблиця: quantity_not_zero_products_20230925194718
2023-09-25 19:48:25,265 - INFO - Загальна кількість позицій в наявності: 0
2023-09-25 19:48:25,265 - INFO - Загальна кількість товарів в наявності: None
2023-09-25 19:48:25,291 - INFO - Результати аналізу для таблиці quantity_not_zero_products_20230925194718 збережено в таблицю analysis_results.
2023-09-25 19:48:25,311 - INFO - Таблиця: quantity_not_zero_products_20230925194748
2023-09-25 19:48:25,311 - INFO - Загальна кількість позицій в наявності: 0
2023-09-25 19:48:25,311 - INFO - Загальна кількість товарів в наявності: None
2023-09-25 19:48:25,330 - INFO - Результати аналізу для таблиці quantity_not_zero_products_20230925194748 збережено в таблицю analysis_results.
2023-09-25 19:48:25,374 - INFO - Таблиця: quantity_not_zero_products_20230925194807
2023-09-25 19:48:25,375 - INFO - Загальна кількість позицій в наявності: 1296
2023-09-25 19:48:25,375 - INFO - Загальна кількість товарів в наявності: 120528
2023-09-25 19:48:25,385 - INFO - Результати аналізу для таблиці quantity_not_zero_products_20230925194807 збережено в таблицю analysis_results.
2023-09-25 20:20:27,147 - INFO - Таблицю q_not_zero_processed_tables створено або вже існує.
2023-09-25 20:20:27,170 - INFO - Таблицю quantity_analysis_results створено або вже існує.
2023-09-25 20:20:27,291 - INFO - Таблиця: quantity_not_zero_products_20230925202016
2023-09-25 20:20:27,291 - INFO - Загальна кількість позицій в наявності: 1296
2023-09-25 20:20:27,291 - INFO - Загальна кількість товарів в наявності: 120528
2023-09-25 20:20:27,311 - INFO - Результати аналізу для таблиці quantity_not_zero_products_20230925202016 збережено в таблицю analysis_results.
2023-09-30 08:43:47,603 - INFO - Таблицю q_not_zero_processed_tables створено або вже існує.
2023-09-30 08:43:47,611 - INFO - Таблицю quantity_analysis_results створено або вже існує.
2023-09-30 08:43:47,636 - INFO - Таблиця: quantity_not_zero_products_20230930084339
2023-09-30 08:43:47,637 - INFO - Загальна кількість позицій в наявності: 1353
2023-09-30 08:43:47,638 - INFO - Загальна кількість товарів в наявності: 118320
2023-09-30 08:43:47,655 - INFO - Результати аналізу для таблиці quantity_not_zero_products_20230930084339 збережено в таблицю analysis_results.
2023-09-30 08:46:31,597 - INFO - Таблицю q_not_zero_processed_tables створено або вже існує.
2023-09-30 08:46:31,606 - INFO - Таблицю quantity_analysis_results створено або вже існує.
2023-09-30 08:46:31,632 - INFO - Таблиця: quantity_not_zero_products_20230930084624
2023-09-30 08:46:31,632 - INFO - Загальна кількість позицій в наявності: 1360
2023-09-30 08:46:31,632 - INFO - Загальна кількість товарів в наявності: 139514
2023-09-30 08:46:31,676 - INFO - Результати аналізу для таблиці quantity_not_zero_products_20230930084624 збережено в таблицю analysis_results.
2023-10-02 13:17:52,940 - INFO - Таблицю q_not_zero_processed_tables створено або вже існує.
2023-10-02 13:17:52,950 - INFO - Таблицю quantity_analysis_results створено або вже існує.
2023-10-02 13:17:53,020 - INFO - Таблиця: quantity_not_zero_products_20231002131713
2023-10-02 13:17:53,020 - INFO - Загальна кількість позицій в наявності: 0
2023-10-02 13:17:53,020 - INFO - Загальна кількість товарів в наявності: None
2023-10-02 13:17:53,333 - INFO - Результати аналізу для таблиці quantity_not_zero_products_20231002131713 збережено в таблицю analysis_results.
2023-10-02 13:17:54,185 - INFO - Таблиця: quantity_not_zero_products_20231002131737
2023-10-02 13:17:54,185 - INFO - Загальна кількість позицій в наявності: 1361
2023-10-02 13:17:54,260 - INFO - Загальна кількість товарів в наявності: 127807
2023-10-02 13:17:54,415 - INFO - Результати аналізу для таблиці quantity_not_zero_products_20231002131737 збережено в таблицю analysis_results.
2023-10-02 16:02:32,063 - INFO - Adding job tentatively -- it will be properly scheduled when the scheduler starts
2023-10-02 16:02:32,064 - INFO - Added job "monitor_and_download" to job store "default"
2023-10-02 16:02:32,064 - INFO - Scheduler started
2023-10-02 16:02:38,778 - INFO - Scheduler has been shut down
2023-10-03 11:05:20,339 - INFO - Таблицю q_not_zero_processed_tables створено або вже існує.
2023-10-03 11:05:20,343 - INFO - Таблицю quantity_analysis_results створено або вже існує.
2023-10-03 11:05:20,424 - INFO - Таблиця: quantity_not_zero_products_20231003110509
2023-10-03 11:05:20,424 - INFO - Загальна кількість позицій в наявності: 1354
2023-10-03 11:05:20,425 - INFO - Загальна кількість товарів в наявності: 129619
2023-10-03 11:05:20,445 - INFO - Результати аналізу для таблиці quantity_not_zero_products_20231003110509 збережено в таблицю analysis_results.
